<?xml version="1.0" encoding="UTF-8"?>
<testng-results skipped="0" failed="0" total="1" passed="1">
  <reporter-output>
  </reporter-output>
  <suite name="Default suite" duration-ms="46002" started-at="2016-01-10T14:20:48Z" finished-at="2016-01-10T14:21:34Z">
    <groups>
    </groups>
    <test name="Default test" duration-ms="46002" started-at="2016-01-10T14:20:48Z" finished-at="2016-01-10T14:21:34Z">
      <class name="com.gosportify.Login_FB">
        <test-method status="PASS" signature="Siteload()[pri:0, instance:com.gosportify.Login_FB@23c30a20]" name="Siteload" is-config="true" duration-ms="18277" started-at="2016-01-10T19:50:48Z" finished-at="2016-01-10T19:51:06Z">
          <reporter-output>
          </reporter-output>
        </test-method> <!-- Siteload -->
        <test-method status="PASS" signature="loginfb()[pri:0, instance:com.gosportify.Login_FB@23c30a20]" name="loginfb" duration-ms="27682" started-at="2016-01-10T19:51:06Z" finished-at="2016-01-10T19:51:34Z">
          <reporter-output>
          </reporter-output>
        </test-method> <!-- loginfb -->
      </class> <!-- com.gosportify.Login_FB -->
    </test> <!-- Default test -->
  </suite> <!-- Default suite -->
</testng-results>
