<?xml version="1.0" encoding="UTF-8"?>
<testng-results skipped="0" failed="1" total="1" passed="0">
  <reporter-output>
  </reporter-output>
  <suite name="Default suite" duration-ms="23148" started-at="2016-01-17T16:38:24Z" finished-at="2016-01-17T16:38:47Z">
    <groups>
    </groups>
    <test name="Default test" duration-ms="23148" started-at="2016-01-17T16:38:24Z" finished-at="2016-01-17T16:38:47Z">
      <class name="com.gosportify.Login_FB">
        <test-method status="PASS" signature="Siteload()[pri:0, instance:com.gosportify.Login_FB@23c30a20]" name="Siteload" is-config="true" duration-ms="22904" started-at="2016-01-17T22:08:24Z" finished-at="2016-01-17T22:08:47Z">
          <reporter-output>
          </reporter-output>
        </test-method> <!-- Siteload -->
        <test-method status="FAIL" signature="googlelogin()[pri:0, instance:com.gosportify.Login_FB@23c30a20]" name="googlelogin" duration-ms="165" started-at="2016-01-17T22:08:47Z" finished-at="2016-01-17T22:08:47Z">
          <exception class="java.lang.IncompatibleClassChangeError">
            <message>
              <![CDATA[Expected static method com.gosportify.LoginObjects.clickonlogin(Lorg/openqa/selenium/WebDriver;)Lorg/openqa/selenium/WebElement;]]>
            </message>
            <full-stacktrace>
              <![CDATA[java.lang.IncompatibleClassChangeError: Expected static method com.gosportify.LoginObjects.clickonlogin(Lorg/openqa/selenium/WebDriver;)Lorg/openqa/selenium/WebElement;
	at com.gosportify.Login_FB.googlelogin(Login_FB.java:71)
	at sun.reflect.NativeMethodAccessorImpl.invoke0(Native Method)
	at sun.reflect.NativeMethodAccessorImpl.invoke(Unknown Source)
	at sun.reflect.DelegatingMethodAccessorImpl.invoke(Unknown Source)
	at java.lang.reflect.Method.invoke(Unknown Source)
	at org.testng.internal.MethodInvocationHelper.invokeMethod(MethodInvocationHelper.java:84)
	at org.testng.internal.Invoker.invokeMethod(Invoker.java:714)
	at org.testng.internal.Invoker.invokeTestMethod(Invoker.java:901)
	at org.testng.internal.Invoker.invokeTestMethods(Invoker.java:1231)
	at org.testng.internal.TestMethodWorker.invokeTestMethods(TestMethodWorker.java:127)
	at org.testng.internal.TestMethodWorker.run(TestMethodWorker.java:111)
	at org.testng.TestRunner.privateRun(TestRunner.java:767)
	at org.testng.TestRunner.run(TestRunner.java:617)
	at org.testng.SuiteRunner.runTest(SuiteRunner.java:334)
	at org.testng.SuiteRunner.runSequentially(SuiteRunner.java:329)
	at org.testng.SuiteRunner.privateRun(SuiteRunner.java:291)
	at org.testng.SuiteRunner.run(SuiteRunner.java:240)
	at org.testng.SuiteRunnerWorker.runSuite(SuiteRunnerWorker.java:52)
	at org.testng.SuiteRunnerWorker.run(SuiteRunnerWorker.java:86)
	at org.testng.TestNG.runSuitesSequentially(TestNG.java:1224)
	at org.testng.TestNG.runSuitesLocally(TestNG.java:1149)
	at org.testng.TestNG.run(TestNG.java:1057)
	at org.testng.remote.RemoteTestNG.run(RemoteTestNG.java:111)
	at org.testng.remote.RemoteTestNG.initAndRun(RemoteTestNG.java:204)
	at org.testng.remote.RemoteTestNG.main(RemoteTestNG.java:175)
]]>
            </full-stacktrace>
          </exception> <!-- java.lang.IncompatibleClassChangeError -->
          <reporter-output>
          </reporter-output>
        </test-method> <!-- googlelogin -->
      </class> <!-- com.gosportify.Login_FB -->
    </test> <!-- Default test -->
  </suite> <!-- Default suite -->
</testng-results>
